<?xml version="1.0" encoding="UTF-8"?>
<!-- Generated by org.testng.reporters.JUnitXMLReporter -->
<testsuite ignored="0" hostname="YASHAWANTH" failures="0" tests="4" name="Test_2" time="16.327" errors="0" timestamp="2024-10-22T17:43:41 IST">
  <testcase classname="All12TCusingTestNGIMplementation.CreteOrgTestPOMusingTestNGimple" name="CreateORGwithPHoneNUm" time="0.001">
    <skipped/>
  </testcase> <!-- CreateORGwithPHoneNUm -->
  <testcase classname="All12TCusingTestNGIMplementation.CreteOrgTestPOMusingTestNGimple" name="CreateOrg" time="0.0">
    <skipped/>
  </testcase> <!-- CreateOrg -->
  <testcase classname="All12TCusingTestNGIMplementation.CreteOrgTestPOMusingTestNGimple" name="CreateOrganizationwithIndustryTestpom" time="0.0">
    <skipped/>
  </testcase> <!-- CreateOrganizationwithIndustryTestpom -->
  <testcase classname="All12TCusingTestNGIMplementation.CreteOrgTestPOMusingTestNGimple" name="DeleteOrganizationTestPom" time="0.0">
    <skipped/>
  </testcase> <!-- DeleteOrganizationTestPom -->
</testsuite> <!-- Test_2 -->
