<?xml version="1.0" encoding="UTF-8"?>
<!-- Generated by org.testng.reporters.JUnitXMLReporter -->
<testsuite ignored="2" hostname="YASHAWANTH" failures="0" tests="9" name="TestRunner_2" time="0.182" errors="0" timestamp="2024-10-22T17:01:48 IST">
  <testcase classname="All12TCusingTestNGIMplementation.CreatecontactTestpomusingTestNGimple" name="CreateConatctwithEmail" time="0.0">
    <skipped/>
  </testcase> <!-- CreateConatctwithEmail -->
  <testcase classname="All12TCusingTestNGIMplementation.CreatecontactTestpomusingTestNGimple" name="CreateContactwithOrg" time="0.0">
    <skipped/>
  </testcase> <!-- CreateContactwithOrg -->
  <testcase classname="All12TCusingTestNGIMplementation.CreatecontactTestpomusingTestNGimple" name="CreateContactwithSupportDate" time="0.0">
    <skipped/>
  </testcase> <!-- CreateContactwithSupportDate -->
  <testcase classname="All12TCusingTestNGIMplementation.CreatecontactTestpomusingTestNGimple" name="CreatecontactTest" time="0.0">
    <skipped/>
  </testcase> <!-- CreatecontactTest -->
  <testcase classname="All12TCusingTestNGIMplementation.CreatecontactTestpomusingTestNGimple" name="ReportofOrgnContactTC06Pom" time="0.0">
    <skipped/>
  </testcase> <!-- ReportofOrgnContactTC06Pom -->
  <testcase classname="All12TCusingTestNGIMplementation.CreteOrgTestPOMusingTestNGimple" name="CreateORGwithPHoneNUm" time="0.0">
    <skipped/>
  </testcase> <!-- CreateORGwithPHoneNUm -->
  <testcase classname="All12TCusingTestNGIMplementation.CreteOrgTestPOMusingTestNGimple" name="CreateOrg" time="0.0">
    <skipped/>
  </testcase> <!-- CreateOrg -->
  <testcase classname="All12TCusingTestNGIMplementation.CreteOrgTestPOMusingTestNGimple" name="CreateOrganizationwithIndustryTestpom" time="0.0">
    <skipped/>
  </testcase> <!-- CreateOrganizationwithIndustryTestpom -->
  <testcase classname="All12TCusingTestNGIMplementation.CreteOrgTestPOMusingTestNGimple" name="DeleteOrganizationTestPom" time="0.0">
    <skipped/>
  </testcase> <!-- DeleteOrganizationTestPom -->
  <testcase classname="com.crm.generic.Baseutility.BaseTestforRealProject" name="@BeforeSuite BeforeSuite" time="0.0">
    <ignored/>
  </testcase> <!-- @BeforeSuite BeforeSuite -->
  <testcase classname="com.crm.generic.Baseutility.BaseTestforRealProject" name="@AfterSuite AfterSuite" time="0.0">
    <ignored/>
  </testcase> <!-- @AfterSuite AfterSuite -->
</testsuite> <!-- TestRunner_2 -->
