<?xml version="1.0" encoding="UTF-8"?>
<!-- Generated by org.testng.reporters.JUnitXMLReporter -->
<testsuite ignored="2" hostname="YASHAWANTH" failures="0" tests="9" name="TestRunner_1" time="0.182" errors="0" timestamp="2024-10-22T17:01:48 IST">
  <testcase classname="com.crm.generic.Baseutility.BaseTestforRealProject" name="@BeforeMethod executeBefore" time="0.032">
    <failure type="java.lang.NullPointerException" message="Cannot invoke &amp;quot;org.openqa.selenium.WebDriver.manage()&amp;quot; because &amp;quot;driver&amp;quot; is null">
      <![CDATA[java.lang.NullPointerException: Cannot invoke "org.openqa.selenium.WebDriver.manage()" because "driver" is null
at com.comcast.crm.generic.webdriverutility.WebDriverUtility.waitForPageToLoad(WebDriverUtility.java:30)
at com.comcast.crm.objectRepositoryutility.LoginPage.logintoApp(LoginPage.java:42)
at com.crm.generic.Baseutility.BaseTestforRealProject.executeBefore(BaseTestforRealProject.java:56)
at java.base/java.util.ArrayList.forEach(ArrayList.java:1596)
at java.base/java.util.concurrent.FutureTask.run(FutureTask.java:317)
at java.base/java.util.concurrent.ThreadPoolExecutor.runWorker(ThreadPoolExecutor.java:1144)
at java.base/java.util.concurrent.ThreadPoolExecutor$Worker.run(ThreadPoolExecutor.java:642)
at java.base/java.lang.Thread.run(Thread.java:1583)
... Removed 19 stack frames]]>
    </failure>
  </testcase> <!-- @BeforeMethod executeBefore -->
  <testcase classname="com.crm.generic.Baseutility.BaseTestforRealProject" name="@BeforeMethod executeBefore" time="0.032">
    <failure type="java.lang.NullPointerException" message="Cannot invoke &amp;quot;org.openqa.selenium.WebDriver.manage()&amp;quot; because &amp;quot;driver&amp;quot; is null">
      <![CDATA[java.lang.NullPointerException: Cannot invoke "org.openqa.selenium.WebDriver.manage()" because "driver" is null
at com.comcast.crm.generic.webdriverutility.WebDriverUtility.waitForPageToLoad(WebDriverUtility.java:30)
at com.comcast.crm.objectRepositoryutility.LoginPage.logintoApp(LoginPage.java:42)
at com.crm.generic.Baseutility.BaseTestforRealProject.executeBefore(BaseTestforRealProject.java:56)
at java.base/java.util.ArrayList.forEach(ArrayList.java:1596)
at java.base/java.util.concurrent.FutureTask.run(FutureTask.java:317)
at java.base/java.util.concurrent.ThreadPoolExecutor.runWorker(ThreadPoolExecutor.java:1144)
at java.base/java.util.concurrent.ThreadPoolExecutor$Worker.run(ThreadPoolExecutor.java:642)
at java.base/java.lang.Thread.run(Thread.java:1583)
... Removed 19 stack frames]]>
    </failure>
  </testcase> <!-- @BeforeMethod executeBefore -->
  <testcase classname="com.crm.generic.Baseutility.BaseTestforRealProject" name="@AfterMethod executeAfter" time="0.0">
    <skipped/>
  </testcase> <!-- @AfterMethod executeAfter -->
  <testcase classname="com.crm.generic.Baseutility.BaseTestforRealProject" name="@AfterMethod executeAfter" time="0.0">
    <skipped/>
  </testcase> <!-- @AfterMethod executeAfter -->
  <testcase classname="com.crm.generic.Baseutility.BaseTestforRealProject" name="@BeforeMethod executeBefore" time="0.0">
    <skipped/>
  </testcase> <!-- @BeforeMethod executeBefore -->
  <testcase classname="com.crm.generic.Baseutility.BaseTestforRealProject" name="@BeforeMethod executeBefore" time="0.0">
    <skipped/>
  </testcase> <!-- @BeforeMethod executeBefore -->
  <testcase classname="com.crm.generic.Baseutility.BaseTestforRealProject" name="@AfterMethod executeAfter" time="0.0">
    <skipped/>
  </testcase> <!-- @AfterMethod executeAfter -->
  <testcase classname="com.crm.generic.Baseutility.BaseTestforRealProject" name="@AfterMethod executeAfter" time="0.0">
    <skipped/>
  </testcase> <!-- @AfterMethod executeAfter -->
  <testcase classname="com.crm.generic.Baseutility.BaseTestforRealProject" name="@BeforeMethod executeBefore" time="0.0">
    <skipped/>
  </testcase> <!-- @BeforeMethod executeBefore -->
  <testcase classname="com.crm.generic.Baseutility.BaseTestforRealProject" name="@BeforeMethod executeBefore" time="0.0">
    <skipped/>
  </testcase> <!-- @BeforeMethod executeBefore -->
  <testcase classname="com.crm.generic.Baseutility.BaseTestforRealProject" name="@AfterMethod executeAfter" time="0.0">
    <skipped/>
  </testcase> <!-- @AfterMethod executeAfter -->
  <testcase classname="com.crm.generic.Baseutility.BaseTestforRealProject" name="@AfterMethod executeAfter" time="0.0">
    <skipped/>
  </testcase> <!-- @AfterMethod executeAfter -->
  <testcase classname="com.crm.generic.Baseutility.BaseTestforRealProject" name="@BeforeMethod executeBefore" time="0.0">
    <skipped/>
  </testcase> <!-- @BeforeMethod executeBefore -->
  <testcase classname="com.crm.generic.Baseutility.BaseTestforRealProject" name="@BeforeMethod executeBefore" time="0.0">
    <skipped/>
  </testcase> <!-- @BeforeMethod executeBefore -->
  <testcase classname="com.crm.generic.Baseutility.BaseTestforRealProject" name="@AfterMethod executeAfter" time="0.0">
    <skipped/>
  </testcase> <!-- @AfterMethod executeAfter -->
  <testcase classname="com.crm.generic.Baseutility.BaseTestforRealProject" name="@AfterMethod executeAfter" time="0.0">
    <skipped/>
  </testcase> <!-- @AfterMethod executeAfter -->
  <testcase classname="com.crm.generic.Baseutility.BaseTestforRealProject" name="@BeforeMethod executeBefore" time="0.0">
    <skipped/>
  </testcase> <!-- @BeforeMethod executeBefore -->
  <testcase classname="com.crm.generic.Baseutility.BaseTestforRealProject" name="@BeforeMethod executeBefore" time="0.0">
    <skipped/>
  </testcase> <!-- @BeforeMethod executeBefore -->
  <testcase classname="com.crm.generic.Baseutility.BaseTestforRealProject" name="@AfterMethod executeAfter" time="0.0">
    <skipped/>
  </testcase> <!-- @AfterMethod executeAfter -->
  <testcase classname="com.crm.generic.Baseutility.BaseTestforRealProject" name="@AfterMethod executeAfter" time="0.0">
    <skipped/>
  </testcase> <!-- @AfterMethod executeAfter -->
  <testcase classname="com.crm.generic.Baseutility.BaseTestforRealProject" name="@AfterClass Afterclass" time="0.0">
    <skipped/>
  </testcase> <!-- @AfterClass Afterclass -->
  <testcase classname="com.crm.generic.Baseutility.BaseTestforRealProject" name="@AfterClass Afterclass" time="0.0">
    <skipped/>
  </testcase> <!-- @AfterClass Afterclass -->
  <testcase classname="com.crm.generic.Baseutility.BaseTestforRealProject" name="@BeforeMethod executeBefore" time="0.002">
    <failure type="java.lang.NullPointerException" message="Cannot invoke &amp;quot;org.openqa.selenium.WebDriver.manage()&amp;quot; because &amp;quot;driver&amp;quot; is null">
      <![CDATA[java.lang.NullPointerException: Cannot invoke "org.openqa.selenium.WebDriver.manage()" because "driver" is null
at com.comcast.crm.generic.webdriverutility.WebDriverUtility.waitForPageToLoad(WebDriverUtility.java:30)
at com.comcast.crm.objectRepositoryutility.LoginPage.logintoApp(LoginPage.java:42)
at com.crm.generic.Baseutility.BaseTestforRealProject.executeBefore(BaseTestforRealProject.java:56)
at java.base/java.util.ArrayList.forEach(ArrayList.java:1596)
at java.base/java.util.concurrent.FutureTask.run(FutureTask.java:317)
at java.base/java.util.concurrent.ThreadPoolExecutor.runWorker(ThreadPoolExecutor.java:1144)
at java.base/java.util.concurrent.ThreadPoolExecutor$Worker.run(ThreadPoolExecutor.java:642)
at java.base/java.lang.Thread.run(Thread.java:1583)
... Removed 19 stack frames]]>
    </failure>
  </testcase> <!-- @BeforeMethod executeBefore -->
  <testcase classname="com.crm.generic.Baseutility.BaseTestforRealProject" name="@BeforeMethod executeBefore" time="0.002">
    <failure type="java.lang.NullPointerException" message="Cannot invoke &amp;quot;org.openqa.selenium.WebDriver.manage()&amp;quot; because &amp;quot;driver&amp;quot; is null">
      <![CDATA[java.lang.NullPointerException: Cannot invoke "org.openqa.selenium.WebDriver.manage()" because "driver" is null
at com.comcast.crm.generic.webdriverutility.WebDriverUtility.waitForPageToLoad(WebDriverUtility.java:30)
at com.comcast.crm.objectRepositoryutility.LoginPage.logintoApp(LoginPage.java:42)
at com.crm.generic.Baseutility.BaseTestforRealProject.executeBefore(BaseTestforRealProject.java:56)
at java.base/java.util.ArrayList.forEach(ArrayList.java:1596)
at java.base/java.util.concurrent.FutureTask.run(FutureTask.java:317)
at java.base/java.util.concurrent.ThreadPoolExecutor.runWorker(ThreadPoolExecutor.java:1144)
at java.base/java.util.concurrent.ThreadPoolExecutor$Worker.run(ThreadPoolExecutor.java:642)
at java.base/java.lang.Thread.run(Thread.java:1583)
... Removed 19 stack frames]]>
    </failure>
  </testcase> <!-- @BeforeMethod executeBefore -->
  <testcase classname="com.crm.generic.Baseutility.BaseTestforRealProject" name="@AfterMethod executeAfter" time="0.0">
    <skipped/>
  </testcase> <!-- @AfterMethod executeAfter -->
  <testcase classname="com.crm.generic.Baseutility.BaseTestforRealProject" name="@AfterMethod executeAfter" time="0.0">
    <skipped/>
  </testcase> <!-- @AfterMethod executeAfter -->
  <testcase classname="com.crm.generic.Baseutility.BaseTestforRealProject" name="@BeforeMethod executeBefore" time="0.0">
    <skipped/>
  </testcase> <!-- @BeforeMethod executeBefore -->
  <testcase classname="com.crm.generic.Baseutility.BaseTestforRealProject" name="@BeforeMethod executeBefore" time="0.0">
    <skipped/>
  </testcase> <!-- @BeforeMethod executeBefore -->
  <testcase classname="com.crm.generic.Baseutility.BaseTestforRealProject" name="@AfterMethod executeAfter" time="0.0">
    <skipped/>
  </testcase> <!-- @AfterMethod executeAfter -->
  <testcase classname="com.crm.generic.Baseutility.BaseTestforRealProject" name="@AfterMethod executeAfter" time="0.0">
    <skipped/>
  </testcase> <!-- @AfterMethod executeAfter -->
  <testcase classname="com.crm.generic.Baseutility.BaseTestforRealProject" name="@BeforeMethod executeBefore" time="0.0">
    <skipped/>
  </testcase> <!-- @BeforeMethod executeBefore -->
  <testcase classname="com.crm.generic.Baseutility.BaseTestforRealProject" name="@BeforeMethod executeBefore" time="0.0">
    <skipped/>
  </testcase> <!-- @BeforeMethod executeBefore -->
  <testcase classname="com.crm.generic.Baseutility.BaseTestforRealProject" name="@AfterMethod executeAfter" time="0.0">
    <skipped/>
  </testcase> <!-- @AfterMethod executeAfter -->
  <testcase classname="com.crm.generic.Baseutility.BaseTestforRealProject" name="@AfterMethod executeAfter" time="0.0">
    <skipped/>
  </testcase> <!-- @AfterMethod executeAfter -->
  <testcase classname="com.crm.generic.Baseutility.BaseTestforRealProject" name="@BeforeMethod executeBefore" time="0.0">
    <skipped/>
  </testcase> <!-- @BeforeMethod executeBefore -->
  <testcase classname="com.crm.generic.Baseutility.BaseTestforRealProject" name="@BeforeMethod executeBefore" time="0.0">
    <skipped/>
  </testcase> <!-- @BeforeMethod executeBefore -->
  <testcase classname="com.crm.generic.Baseutility.BaseTestforRealProject" name="@AfterMethod executeAfter" time="0.0">
    <skipped/>
  </testcase> <!-- @AfterMethod executeAfter -->
  <testcase classname="com.crm.generic.Baseutility.BaseTestforRealProject" name="@AfterMethod executeAfter" time="0.0">
    <skipped/>
  </testcase> <!-- @AfterMethod executeAfter -->
  <testcase classname="com.crm.generic.Baseutility.BaseTestforRealProject" name="@AfterClass Afterclass" time="0.0">
    <skipped/>
  </testcase> <!-- @AfterClass Afterclass -->
  <testcase classname="com.crm.generic.Baseutility.BaseTestforRealProject" name="@AfterClass Afterclass" time="0.0">
    <skipped/>
  </testcase> <!-- @AfterClass Afterclass -->
  <testcase classname="All12TCusingTestNGIMplementation.CreatecontactTestpomusingTestNGimple" name="CreateConatctwithEmail" time="0.0">
    <skipped/>
  </testcase> <!-- CreateConatctwithEmail -->
  <testcase classname="All12TCusingTestNGIMplementation.CreatecontactTestpomusingTestNGimple" name="CreateContactwithOrg" time="0.0">
    <skipped/>
  </testcase> <!-- CreateContactwithOrg -->
  <testcase classname="All12TCusingTestNGIMplementation.CreatecontactTestpomusingTestNGimple" name="CreateContactwithSupportDate" time="0.0">
    <skipped/>
  </testcase> <!-- CreateContactwithSupportDate -->
  <testcase classname="All12TCusingTestNGIMplementation.CreatecontactTestpomusingTestNGimple" name="CreatecontactTest" time="0.0">
    <skipped/>
  </testcase> <!-- CreatecontactTest -->
  <testcase classname="All12TCusingTestNGIMplementation.CreatecontactTestpomusingTestNGimple" name="ReportofOrgnContactTC06Pom" time="0.0">
    <skipped/>
  </testcase> <!-- ReportofOrgnContactTC06Pom -->
  <testcase classname="All12TCusingTestNGIMplementation.CreteOrgTestPOMusingTestNGimple" name="CreateORGwithPHoneNUm" time="0.0">
    <skipped/>
  </testcase> <!-- CreateORGwithPHoneNUm -->
  <testcase classname="All12TCusingTestNGIMplementation.CreteOrgTestPOMusingTestNGimple" name="CreateOrg" time="0.0">
    <skipped/>
  </testcase> <!-- CreateOrg -->
  <testcase classname="All12TCusingTestNGIMplementation.CreteOrgTestPOMusingTestNGimple" name="CreateOrganizationwithIndustryTestpom" time="0.001">
    <skipped/>
  </testcase> <!-- CreateOrganizationwithIndustryTestpom -->
  <testcase classname="All12TCusingTestNGIMplementation.CreteOrgTestPOMusingTestNGimple" name="DeleteOrganizationTestPom" time="0.001">
    <skipped/>
  </testcase> <!-- DeleteOrganizationTestPom -->
  <testcase classname="com.crm.generic.Baseutility.BaseTestforRealProject" name="@BeforeSuite BeforeSuite" time="0.0">
    <ignored/>
  </testcase> <!-- @BeforeSuite BeforeSuite -->
  <testcase classname="com.crm.generic.Baseutility.BaseTestforRealProject" name="@AfterSuite AfterSuite" time="0.0">
    <ignored/>
  </testcase> <!-- @AfterSuite AfterSuite -->
</testsuite> <!-- TestRunner_1 -->
