<?xml version="1.0" encoding="UTF-8"?>
<testng-results ignored="0" total="1" passed="1" failed="0" skipped="0">
  <reporter-output>
  </reporter-output>
  <suite started-at="2024-10-30T15:29:26 IST" name="Default suite" finished-at="2024-10-30T15:29:56 IST" duration-ms="30077">
    <groups>
    </groups>
    <test started-at="2024-10-30T15:29:26 IST" name="Default test" finished-at="2024-10-30T15:29:56 IST" duration-ms="30077">
      <class name="TaskofVTIGER6TCown.CLiniqScenarioTest">
        <test-method signature="DisplayddOptions()[pri:0, instance:TaskofVTIGER6TCown.CLiniqScenarioTest@4dbb42b7]" started-at="2024-10-30T15:29:26 IST" name="DisplayddOptions" finished-at="2024-10-30T15:29:56 IST" duration-ms="30042" status="PASS">
          <reporter-output>
          </reporter-output>
        </test-method> <!-- DisplayddOptions -->
      </class> <!-- TaskofVTIGER6TCown.CLiniqScenarioTest -->
    </test> <!-- Default test -->
  </suite> <!-- Default suite -->
</testng-results>
