<?xml version="1.0" encoding="UTF-8"?>
<!-- Generated by org.testng.reporters.JUnitXMLReporter -->
<testsuite ignored="17" hostname="YASHAWANTH" failures="0" tests="6" name="Test" time="154.099" errors="0" timestamp="2024-10-19T14:56:16 IST">
  <testcase classname="All12TCusingTestNGIMplementation.CreateOppertunitiesusingTestNGpomImple" name="CreateOppertunities" time="19.996"/>
  <testcase classname="All12TCusingTestNGIMplementation.CreateTicketusingTestngImple" name="CreateTicket1" time="18.874"/>
  <testcase classname="All12TCusingTestNGIMplementation.CreatecontactTestpomusingTestNGimple" name="CreatecontactTest" time="12.247"/>
  <testcase classname="All12TCusingTestNGIMplementation.CreteOrgTestPOMusingTestNGimple" name="CreateOrg" time="12.196"/>
  <testcase classname="All12TCusingTestNGIMplementation.CreateDocumentusingTEstNgIMple" name="CreateDocument" time="9.58"/>
  <testcase classname="All12TCusingTestNGIMplementation.CreateLeadsusingTEstngIMple" name="CreateLeads" time="12.54"/>
  <testcase classname="com.crm.generic.Baseutility.BaseTestforRealProject" name="@BeforeSuite BeforeSuite" time="0.0">
    <ignored/>
  </testcase> <!-- @BeforeSuite BeforeSuite -->
  <testcase classname="com.crm.generic.Baseutility.BaseTestforRealProject" name="@AfterSuite AfterSuite" time="0.0">
    <ignored/>
  </testcase> <!-- @AfterSuite AfterSuite -->
  <testcase classname="com.crm.generic.Baseutility.BaseTestforRealProject" name="@AfterSuite AfterSuite" time="0.0">
    <ignored/>
  </testcase> <!-- @AfterSuite AfterSuite -->
  <testcase classname="com.crm.generic.Baseutility.BaseTestforRealProject" name="@AfterSuite AfterSuite" time="0.0">
    <ignored/>
  </testcase> <!-- @AfterSuite AfterSuite -->
  <testcase classname="All12TCusingTestNGIMplementation.CreatecontactTestpomusingTestNGimple" name="CreateContactwithOrg" time="0.0">
    <ignored/>
  </testcase> <!-- CreateContactwithOrg -->
  <testcase classname="All12TCusingTestNGIMplementation.CreatecontactTestpomusingTestNGimple" name="CreateConatctwithEmail" time="0.0">
    <ignored/>
  </testcase> <!-- CreateConatctwithEmail -->
  <testcase classname="All12TCusingTestNGIMplementation.CreteOrgTestPOMusingTestNGimple" name="CreateOrganizationwithIndustryTestpom" time="0.0">
    <ignored/>
  </testcase> <!-- CreateOrganizationwithIndustryTestpom -->
  <testcase classname="com.crm.generic.Baseutility.BaseTestforRealProject" name="@BeforeSuite BeforeSuite" time="0.0">
    <ignored/>
  </testcase> <!-- @BeforeSuite BeforeSuite -->
  <testcase classname="All12TCusingTestNGIMplementation.CreatecontactTestpomusingTestNGimple" name="ReportofOrgnContactTC06Pom" time="0.0">
    <ignored/>
  </testcase> <!-- ReportofOrgnContactTC06Pom -->
  <testcase classname="com.crm.generic.Baseutility.BaseTestforRealProject" name="@BeforeSuite BeforeSuite" time="0.0">
    <ignored/>
  </testcase> <!-- @BeforeSuite BeforeSuite -->
  <testcase classname="com.crm.generic.Baseutility.BaseTestforRealProject" name="@BeforeSuite BeforeSuite" time="0.0">
    <ignored/>
  </testcase> <!-- @BeforeSuite BeforeSuite -->
  <testcase classname="All12TCusingTestNGIMplementation.CreteOrgTestPOMusingTestNGimple" name="CreateORGwithPHoneNUm" time="0.0">
    <ignored/>
  </testcase> <!-- CreateORGwithPHoneNUm -->
  <testcase classname="All12TCusingTestNGIMplementation.CreatecontactTestpomusingTestNGimple" name="CreateContactwithSupportDate" time="0.0">
    <ignored/>
  </testcase> <!-- CreateContactwithSupportDate -->
  <testcase classname="com.crm.generic.Baseutility.BaseTestforRealProject" name="@AfterSuite AfterSuite" time="0.0">
    <ignored/>
  </testcase> <!-- @AfterSuite AfterSuite -->
  <testcase classname="com.crm.generic.Baseutility.BaseTestforRealProject" name="@BeforeSuite BeforeSuite" time="0.0">
    <ignored/>
  </testcase> <!-- @BeforeSuite BeforeSuite -->
  <testcase classname="All12TCusingTestNGIMplementation.CreteOrgTestPOMusingTestNGimple" name="DeleteOrganizationTestPom" time="0.0">
    <ignored/>
  </testcase> <!-- DeleteOrganizationTestPom -->
  <testcase classname="com.crm.generic.Baseutility.BaseTestforRealProject" name="@AfterSuite AfterSuite" time="0.0">
    <ignored/>
  </testcase> <!-- @AfterSuite AfterSuite -->
</testsuite> <!-- Test -->
