<?xml version="1.0" encoding="UTF-8"?>
<!-- Generated by org.testng.reporters.JUnitXMLReporter -->
<testsuite ignored="9" hostname="YASHAWANTH" failures="0" tests="2" name="Test" time="0.062" errors="0" timestamp="2024-10-21T17:45:57 IST">
  <testcase classname="com.crm.generic.Baseutility.BaseTestforRealProject" name="@BeforeClass BeforeClass" time="-1.72951295783E9">
    <failure type="org.testng.TestNGException" message="
Can inject only one of &amp;lt;ITestContext, XmlTest&amp;gt; into a @BeforeClass annotated BeforeClass.
For more information on native dependency injection please refer to https://testng.org/doc/documentation-main.html#native-dependency-injection">
      <![CDATA[org.testng.TestNGException: 
Can inject only one of <ITestContext, XmlTest> into a @BeforeClass annotated BeforeClass.
For more information on native dependency injection please refer to https://testng.org/doc/documentation-main.html#native-dependency-injection
at java.base/java.util.ArrayList.forEach(ArrayList.java:1596)
... Removed 22 stack frames]]>
    </failure>
  </testcase> <!-- @BeforeClass BeforeClass -->
  <testcase classname="com.crm.generic.Baseutility.BaseTestforRealProject" name="@BeforeMethod executeBefore" time="0.0">
    <skipped/>
  </testcase> <!-- @BeforeMethod executeBefore -->
  <testcase classname="com.crm.generic.Baseutility.BaseTestforRealProject" name="@AfterMethod executeAfter" time="0.0">
    <skipped/>
  </testcase> <!-- @AfterMethod executeAfter -->
  <testcase classname="com.crm.generic.Baseutility.BaseTestforRealProject" name="@AfterClass Afterclass" time="0.0">
    <skipped/>
  </testcase> <!-- @AfterClass Afterclass -->
  <testcase classname="com.crm.generic.Baseutility.BaseTestforRealProject" name="@BeforeClass BeforeClass" time="-1.729512957864E9">
    <failure type="org.testng.TestNGException" message="
Can inject only one of &amp;lt;ITestContext, XmlTest&amp;gt; into a @BeforeClass annotated BeforeClass.
For more information on native dependency injection please refer to https://testng.org/doc/documentation-main.html#native-dependency-injection">
      <![CDATA[org.testng.TestNGException: 
Can inject only one of <ITestContext, XmlTest> into a @BeforeClass annotated BeforeClass.
For more information on native dependency injection please refer to https://testng.org/doc/documentation-main.html#native-dependency-injection
at java.base/java.util.ArrayList.forEach(ArrayList.java:1596)
... Removed 22 stack frames]]>
    </failure>
  </testcase> <!-- @BeforeClass BeforeClass -->
  <testcase classname="com.crm.generic.Baseutility.BaseTestforRealProject" name="@BeforeMethod executeBefore" time="0.0">
    <skipped/>
  </testcase> <!-- @BeforeMethod executeBefore -->
  <testcase classname="com.crm.generic.Baseutility.BaseTestforRealProject" name="@AfterMethod executeAfter" time="0.0">
    <skipped/>
  </testcase> <!-- @AfterMethod executeAfter -->
  <testcase classname="com.crm.generic.Baseutility.BaseTestforRealProject" name="@AfterClass Afterclass" time="0.0">
    <skipped/>
  </testcase> <!-- @AfterClass Afterclass -->
  <testcase classname="All12TCusingTestNGIMplementation.CreatecontactTestpomusingTestNGimple" name="CreateContactwithOrg" time="0.0">
    <skipped/>
  </testcase> <!-- CreateContactwithOrg -->
  <testcase classname="All12TCusingTestNGIMplementation.CreteOrgTestPOMusingTestNGimple" name="CreateOrg" time="0.0">
    <skipped/>
  </testcase> <!-- CreateOrg -->
  <testcase classname="All12TCusingTestNGIMplementation.CreteOrgTestPOMusingTestNGimple" name="CreateORGwithPHoneNUm" time="0.0">
    <ignored/>
  </testcase> <!-- CreateORGwithPHoneNUm -->
  <testcase classname="All12TCusingTestNGIMplementation.CreatecontactTestpomusingTestNGimple" name="ReportofOrgnContactTC06Pom" time="0.0">
    <ignored/>
  </testcase> <!-- ReportofOrgnContactTC06Pom -->
  <testcase classname="com.crm.generic.Baseutility.BaseTestforRealProject" name="@BeforeSuite BeforeSuite" time="0.0">
    <ignored/>
  </testcase> <!-- @BeforeSuite BeforeSuite -->
  <testcase classname="All12TCusingTestNGIMplementation.CreatecontactTestpomusingTestNGimple" name="CreateConatctwithEmail" time="0.0">
    <ignored/>
  </testcase> <!-- CreateConatctwithEmail -->
  <testcase classname="All12TCusingTestNGIMplementation.CreteOrgTestPOMusingTestNGimple" name="DeleteOrganizationTestPom" time="0.0">
    <ignored/>
  </testcase> <!-- DeleteOrganizationTestPom -->
  <testcase classname="All12TCusingTestNGIMplementation.CreteOrgTestPOMusingTestNGimple" name="CreateOrganizationwithIndustryTestpom" time="0.0">
    <ignored/>
  </testcase> <!-- CreateOrganizationwithIndustryTestpom -->
  <testcase classname="All12TCusingTestNGIMplementation.CreatecontactTestpomusingTestNGimple" name="CreateContactwithSupportDate" time="0.0">
    <ignored/>
  </testcase> <!-- CreateContactwithSupportDate -->
  <testcase classname="com.crm.generic.Baseutility.BaseTestforRealProject" name="@AfterSuite AfterSuite" time="0.0">
    <ignored/>
  </testcase> <!-- @AfterSuite AfterSuite -->
  <testcase classname="All12TCusingTestNGIMplementation.CreatecontactTestpomusingTestNGimple" name="CreatecontactTest" time="0.0">
    <ignored/>
  </testcase> <!-- CreatecontactTest -->
</testsuite> <!-- Test -->
